Processed 10000 documents (1863.47 docs/s, 10.12 MB/s)
Processed 20000 documents (2413.81 docs/s, 12.92 MB/s)
Processed 30000 documents (3270.29 docs/s, 17.78 MB/s)
Processed 40000 documents (3085.28 docs/s, 16.70 MB/s)
Processed 50000 documents (3624.70 docs/s, 19.50 MB/s)
Processed 60000 documents (3254.47 docs/s, 17.36 MB/s)
Processed 70000 documents (3666.74 docs/s, 19.10 MB/s)
Processed 80000 documents (4045.81 docs/s, 20.81 MB/s)
Processed 90000 documents (4409.69 docs/s, 22.36 MB/s)
Processed 100000 documents (4660.36 docs/s, 23.36 MB/s)
Processed 110000 documents (4813.09 docs/s, 23.86 MB/s)
Processed 120000 documents (4802.70 docs/s, 23.72 MB/s)
Processed 130000 documents (4909.98 docs/s, 24.08 MB/s)
Processed 140000 documents (4766.39 docs/s, 23.22 MB/s)
Processed 150000 documents (5006.70 docs/s, 24.17 MB/s)
Processed 160000 documents (5239.23 docs/s, 25.10 MB/s)
Processed 170000 documents (5332.96 docs/s, 25.43 MB/s)
Processed 180000 documents (5355.80 docs/s, 25.47 MB/s)
Processed 190000 documents (5384.17 docs/s, 25.53 MB/s)
Processed 200000 documents (5464.06 docs/s, 25.88 MB/s)
Processed 210000 documents (5560.22 docs/s, 26.27 MB/s)
Processed 220000 documents (5580.33 docs/s, 26.28 MB/s)
Processed 230000 documents (5651.63 docs/s, 26.48 MB/s)
Processed 240000 documents (5689.10 docs/s, 26.61 MB/s)
Processed 250000 documents (5681.66 docs/s, 26.57 MB/s)
Processed 260000 documents (5750.06 docs/s, 26.82 MB/s)
Processed 270000 documents (5777.21 docs/s, 26.91 MB/s)
Processed 280000 documents (5808.88 docs/s, 26.98 MB/s)
Processed 290000 documents (5802.43 docs/s, 26.89 MB/s)
Processed 300000 documents (5870.78 docs/s, 27.11 MB/s)
Processed 310000 documents (5887.83 docs/s, 27.15 MB/s)
Processed 320000 documents (5938.87 docs/s, 27.35 MB/s)
Processed 330000 documents (5901.67 docs/s, 27.14 MB/s)
Processed 340000 documents (5970.03 docs/s, 27.42 MB/s)
Processed 350000 documents (6019.27 docs/s, 27.61 MB/s)
Processed 360000 documents (6028.35 docs/s, 27.62 MB/s)
Processed 370000 documents (6037.53 docs/s, 27.64 MB/s)
Processed 380000 documents (6050.64 docs/s, 27.66 MB/s)
Processed 390000 documents (6060.25 docs/s, 27.70 MB/s)
Processed 400000 documents (6051.38 docs/s, 27.64 MB/s)
Processed 410000 documents (6081.33 docs/s, 27.76 MB/s)
Processed 420000 documents (6122.53 docs/s, 27.92 MB/s)
Processed 430000 documents (6111.22 docs/s, 27.84 MB/s)
Processed 440000 documents (6073.53 docs/s, 27.67 MB/s)
Processed 450000 documents (6097.19 docs/s, 27.78 MB/s)
Processed 460000 documents (6167.33 docs/s, 28.08 MB/s)
Processed 470000 documents (6145.57 docs/s, 27.95 MB/s)
Processed 480000 documents (6162.30 docs/s, 28.00 MB/s)
Processed 490000 documents (6191.42 docs/s, 28.12 MB/s)
Processed 500000 documents (6079.36 docs/s, 27.57 MB/s)
Processed 510000 documents (6155.71 docs/s, 27.89 MB/s)
Processed 520000 documents (6230.48 docs/s, 28.22 MB/s)
Processed 530000 documents (6223.68 docs/s, 28.17 MB/s)
Processed 540000 documents (6166.23 docs/s, 27.91 MB/s)
Processed 550000 documents (6174.12 docs/s, 27.94 MB/s)
Processed 560000 documents (6242.45 docs/s, 28.22 MB/s)
Processed 570000 documents (6258.15 docs/s, 28.27 MB/s)
Processed 580000 documents (6263.88 docs/s, 28.27 MB/s)
Processed 590000 documents (6240.72 docs/s, 28.17 MB/s)
Processed 600000 documents (6248.49 docs/s, 28.20 MB/s)
Processed 610000 documents (6255.40 docs/s, 28.23 MB/s)
Processed 620000 documents (6276.33 docs/s, 28.32 MB/s)
Processed 630000 documents (6231.92 docs/s, 28.11 MB/s)
Processed 640000 documents (6283.89 docs/s, 28.34 MB/s)
Processed 650000 documents (6175.20 docs/s, 27.84 MB/s)
Processed 660000 documents (6233.17 docs/s, 28.10 MB/s)
Processed 670000 documents (6290.60 docs/s, 28.36 MB/s)
Processed 680000 documents (6285.64 docs/s, 28.33 MB/s)
Processed 690000 documents (6294.37 docs/s, 28.36 MB/s)
Processed 700000 documents (6312.32 docs/s, 28.43 MB/s)
Processed 710000 documents (6301.85 docs/s, 28.37 MB/s)
Processed 720000 documents (6094.18 docs/s, 27.46 MB/s)
Processed 730000 documents (6147.56 docs/s, 27.68 MB/s)
Processed 740000 documents (6199.78 docs/s, 27.91 MB/s)
Processed 750000 documents (6251.11 docs/s, 28.13 MB/s)
Processed 760000 documents (6275.04 docs/s, 28.22 MB/s)
Processed 770000 documents (6300.59 docs/s, 28.32 MB/s)
Processed 780000 documents (6299.02 docs/s, 28.30 MB/s)
Processed 790000 documents (6281.91 docs/s, 28.23 MB/s)
Processed 800000 documents (6213.22 docs/s, 27.94 MB/s)
Processed 810000 documents (6259.65 docs/s, 28.14 MB/s)
Processed 820000 documents (6290.05 docs/s, 28.28 MB/s)
Processed 830000 documents (6256.85 docs/s, 28.20 MB/s)
Processed 840000 documents (6235.71 docs/s, 28.16 MB/s)
Processed 850000 documents (6173.30 docs/s, 27.94 MB/s)
Processed 860000 documents (6095.16 docs/s, 27.65 MB/s)
Processed 870000 documents (6077.73 docs/s, 27.60 MB/s)
Processed 880000 documents (6114.17 docs/s, 27.80 MB/s)
Processed 890000 documents (6156.02 docs/s, 28.00 MB/s)
Processed 900000 documents (6196.48 docs/s, 28.19 MB/s)
Processed 910000 documents (6194.12 docs/s, 28.17 MB/s)
Processed 920000 documents (6174.32 docs/s, 28.07 MB/s)
Processed 930000 documents (6165.59 docs/s, 28.02 MB/s)
Processed 940000 documents (6183.35 docs/s, 28.10 MB/s)
Processed 950000 documents (6194.54 docs/s, 28.15 MB/s)
Processed 960000 documents (6192.89 docs/s, 28.15 MB/s)
Processed 970000 documents (6194.03 docs/s, 28.15 MB/s)
Processed 980000 documents (6188.61 docs/s, 28.14 MB/s)
Processed 990000 documents (6162.79 docs/s, 28.03 MB/s)
Processed 1000000 documents (6135.36 docs/s, 27.89 MB/s)
Processed 1010000 documents (6173.33 docs/s, 28.05 MB/s)
Processed 1020000 documents (6193.57 docs/s, 28.13 MB/s)
Processed 1030000 documents (6202.78 docs/s, 28.17 MB/s)
Processed 1040000 documents (6199.41 docs/s, 28.15 MB/s)
Processed 1050000 documents (6207.22 docs/s, 28.17 MB/s)
Processed 1060000 documents (6192.23 docs/s, 28.10 MB/s)
Processed 1070000 documents (6203.57 docs/s, 28.15 MB/s)
Processed 1080000 documents (6194.20 docs/s, 28.10 MB/s)
Processed 1090000 documents (6196.01 docs/s, 28.10 MB/s)
Processed 1100000 documents (6226.71 docs/s, 28.23 MB/s)
Processed 1110000 documents (6228.36 docs/s, 28.22 MB/s)
Processed 1120000 documents (6237.52 docs/s, 28.24 MB/s)
Processed 1130000 documents (6205.03 docs/s, 28.08 MB/s)
Processed 1140000 documents (6236.19 docs/s, 28.22 MB/s)
Processed 1150000 documents (6228.43 docs/s, 28.17 MB/s)
Processed 1160000 documents (6227.47 docs/s, 28.16 MB/s)
Processed 1170000 documents (6211.88 docs/s, 28.09 MB/s)
Processed 1180000 documents (6240.79 docs/s, 28.21 MB/s)
Processed 1190000 documents (6231.11 docs/s, 28.16 MB/s)
Processed 1200000 documents (5902.48 docs/s, 26.71 MB/s)
Processed 1210000 documents (5935.01 docs/s, 26.83 MB/s)
Processed 1220000 documents (5968.50 docs/s, 26.96 MB/s)
Processed 1230000 documents (6000.67 docs/s, 27.09 MB/s)
Processed 1240000 documents (6032.41 docs/s, 27.21 MB/s)
Processed 1250000 documents (6063.95 docs/s, 27.33 MB/s)
Processed 1260000 documents (6094.88 docs/s, 27.46 MB/s)
Processed 1270000 documents (6125.60 docs/s, 27.58 MB/s)
Processed 1280000 documents (6153.76 docs/s, 27.71 MB/s)
Processed 1290000 documents (6182.64 docs/s, 27.85 MB/s)
Processed 1300000 documents (6210.58 docs/s, 27.97 MB/s)
Processed 1310000 documents (6219.86 docs/s, 28.01 MB/s)
Processed 1320000 documents (6216.93 docs/s, 28.00 MB/s)
Processed 1330000 documents (6213.09 docs/s, 27.98 MB/s)
Processed 1340000 documents (6205.48 docs/s, 27.93 MB/s)
Processed 1350000 documents (6207.50 docs/s, 27.93 MB/s)
Processed 1360000 documents (6226.35 docs/s, 28.00 MB/s)
Processed 1370000 documents (6199.37 docs/s, 27.88 MB/s)
Processed 1380000 documents (6225.31 docs/s, 27.99 MB/s)
Processed 1390000 documents (6217.95 docs/s, 27.95 MB/s)
Processed 1400000 documents (6232.50 docs/s, 28.01 MB/s)
Processed 1410000 documents (6229.54 docs/s, 27.99 MB/s)
Processed 1420000 documents (6223.16 docs/s, 27.96 MB/s)
Processed 1430000 documents (6185.92 docs/s, 27.79 MB/s)
Processed 1440000 documents (6212.49 docs/s, 27.90 MB/s)
Processed 1450000 documents (6237.86 docs/s, 28.02 MB/s)
Processed 1460000 documents (6243.42 docs/s, 28.05 MB/s)
Processed 1470000 documents (6240.61 docs/s, 28.03 MB/s)
Processed 1480000 documents (6219.61 docs/s, 27.93 MB/s)
Processed 1490000 documents (6229.95 docs/s, 27.96 MB/s)
Processed 1500000 documents (6231.93 docs/s, 27.97 MB/s)
Processed 1510000 documents (6227.11 docs/s, 27.95 MB/s)
Processed 1520000 documents (6175.13 docs/s, 27.72 MB/s)
Processed 1530000 documents (6200.12 docs/s, 27.82 MB/s)
Processed 1540000 documents (6225.06 docs/s, 27.93 MB/s)
Processed 1550000 documents (6244.27 docs/s, 28.01 MB/s)
Processed 1560000 documents (6242.19 docs/s, 28.00 MB/s)
Processed 1570000 documents (6245.63 docs/s, 28.01 MB/s)
Processed 1580000 documents (6234.00 docs/s, 27.95 MB/s)
Processed 1590000 documents (6229.78 docs/s, 27.94 MB/s)
Processed 1600000 documents (6252.18 docs/s, 28.04 MB/s)
Processed 1610000 documents (6252.86 docs/s, 28.04 MB/s)
Processed 1620000 documents (6248.79 docs/s, 28.02 MB/s)
Processed 1630000 documents (6231.03 docs/s, 27.94 MB/s)
Processed 1640000 documents (6254.16 docs/s, 28.03 MB/s)
Processed 1650000 documents (6230.23 docs/s, 27.94 MB/s)
Processed 1660000 documents (6215.90 docs/s, 27.91 MB/s)
Processed 1670000 documents (6222.84 docs/s, 27.98 MB/s)
Processed 1680000 documents (6201.47 docs/s, 27.91 MB/s)
Processed 1690000 documents (6186.64 docs/s, 27.87 MB/s)
Processed 1700000 documents (6208.33 docs/s, 27.97 MB/s)
Processed 1710000 documents (6185.38 docs/s, 27.87 MB/s)
Processed 1720000 documents (6207.02 docs/s, 27.96 MB/s)
Processed 1730000 documents (6201.71 docs/s, 27.93 MB/s)
Processed 1740000 documents (6198.64 docs/s, 27.92 MB/s)
Processed 1750000 documents (6196.60 docs/s, 27.90 MB/s)
Processed 1760000 documents (6202.10 docs/s, 27.92 MB/s)
Processed 1770000 documents (6195.50 docs/s, 27.89 MB/s)
Processed 1780000 documents (6199.62 docs/s, 27.92 MB/s)
Processed 1790000 documents (6205.63 docs/s, 27.94 MB/s)
Processed 1800000 documents (6189.67 docs/s, 27.86 MB/s)
Processed 1810000 documents (6199.69 docs/s, 27.91 MB/s)
Processed 1820000 documents (6176.12 docs/s, 27.81 MB/s)
Processed 1830000 documents (6161.67 docs/s, 27.74 MB/s)
Processed 1840000 documents (6182.49 docs/s, 27.83 MB/s)
Processed 1850000 documents (6203.52 docs/s, 27.92 MB/s)
Processed 1860000 documents (6210.57 docs/s, 27.95 MB/s)
Processed 1870000 documents (6208.17 docs/s, 27.93 MB/s)
Processed 1880000 documents (6203.29 docs/s, 27.91 MB/s)
Processed 1890000 documents (6209.59 docs/s, 27.93 MB/s)
Processed 1900000 documents (6210.25 docs/s, 27.94 MB/s)
Processed 1910000 documents (6209.79 docs/s, 27.94 MB/s)
Processed 1920000 documents (6211.11 docs/s, 27.94 MB/s)
Processed 1930000 documents (6211.99 docs/s, 27.94 MB/s)
Processed 1940000 documents (6215.05 docs/s, 27.95 MB/s)
Processed 1950000 documents (6214.92 docs/s, 27.95 MB/s)
Processed 1960000 documents (6187.40 docs/s, 27.82 MB/s)
Processed 1970000 documents (6171.77 docs/s, 27.76 MB/s)
Processed 1980000 documents (6180.94 docs/s, 27.79 MB/s)
Processed 1990000 documents (6159.74 docs/s, 27.70 MB/s)
Processed 2000000 documents (6178.31 docs/s, 27.78 MB/s)
Processed 2010000 documents (6186.36 docs/s, 27.81 MB/s)
Processed 2020000 documents (6159.23 docs/s, 27.69 MB/s)
Processed 2030000 documents (6177.17 docs/s, 27.77 MB/s)
Processed 2040000 documents (6187.96 docs/s, 27.82 MB/s)
Processed 2050000 documents (6183.12 docs/s, 27.80 MB/s)
Processed 2060000 documents (6185.69 docs/s, 27.81 MB/s)
Processed 2070000 documents (6185.59 docs/s, 27.81 MB/s)
Processed 2080000 documents (6185.43 docs/s, 27.82 MB/s)
Processed 2090000 documents (6183.54 docs/s, 27.81 MB/s)
Processed 2100000 documents (6182.71 docs/s, 27.81 MB/s)
Processed 2110000 documents (6182.42 docs/s, 27.81 MB/s)
Processed 2120000 documents (6189.57 docs/s, 27.84 MB/s)
Processed 2130000 documents (6170.02 docs/s, 27.75 MB/s)
Processed 2140000 documents (6187.12 docs/s, 27.82 MB/s)
Processed 2150000 documents (6184.24 docs/s, 27.81 MB/s)
Processed 2160000 documents (6173.14 docs/s, 27.76 MB/s)
Processed 2170000 documents (6189.68 docs/s, 27.83 MB/s)
Processed 2180000 documents (6189.96 docs/s, 27.82 MB/s)
Processed 2190000 documents (6190.83 docs/s, 27.82 MB/s)
Processed 2200000 documents (6190.24 docs/s, 27.82 MB/s)
Processed 2210000 documents (6190.38 docs/s, 27.82 MB/s)
Processed 2220000 documents (6185.95 docs/s, 27.79 MB/s)
Processed 2230000 documents (6185.28 docs/s, 27.79 MB/s)
Processed 2240000 documents (6189.98 docs/s, 27.82 MB/s)
Processed 2250000 documents (6195.03 docs/s, 27.83 MB/s)
Processed 2260000 documents (6190.75 docs/s, 27.82 MB/s)
Processed 2270000 documents (6165.44 docs/s, 27.71 MB/s)
Processed 2280000 documents (6182.08 docs/s, 27.77 MB/s)
Processed 2290000 documents (6182.04 docs/s, 27.78 MB/s)
Processed 2300000 documents (6144.40 docs/s, 27.61 MB/s)
Processed 2310000 documents (6160.52 docs/s, 27.67 MB/s)
Processed 2320000 documents (6176.97 docs/s, 27.74 MB/s)
Processed 2330000 documents (6193.24 docs/s, 27.82 MB/s)
Processed 2340000 documents (6192.41 docs/s, 27.81 MB/s)
Processed 2350000 documents (6194.82 docs/s, 27.82 MB/s)
Processed 2360000 documents (6189.77 docs/s, 27.80 MB/s)
Processed 2370000 documents (6169.92 docs/s, 27.71 MB/s)
Processed 2380000 documents (6185.69 docs/s, 27.78 MB/s)
Processed 2390000 documents (6197.77 docs/s, 27.83 MB/s)
Processed 2400000 documents (6196.48 docs/s, 27.82 MB/s)
Processed 2410000 documents (6192.69 docs/s, 27.80 MB/s)
Processed 2420000 documents (6197.55 docs/s, 27.82 MB/s)
Processed 2430000 documents (6194.88 docs/s, 27.81 MB/s)
Processed 2440000 documents (6182.57 docs/s, 27.75 MB/s)
Processed 2450000 documents (6196.65 docs/s, 27.81 MB/s)
Processed 2460000 documents (6186.94 docs/s, 27.77 MB/s)
Processed 2470000 documents (6195.52 docs/s, 27.80 MB/s)
Processed 2480000 documents (6187.07 docs/s, 27.79 MB/s)
Processed 2490000 documents (6168.98 docs/s, 27.73 MB/s)
Processed 2500000 documents (6158.35 docs/s, 27.71 MB/s)
Processed 2510000 documents (6151.60 docs/s, 27.70 MB/s)
Processed 2520000 documents (6146.98 docs/s, 27.70 MB/s)
Processed 2530000 documents (6005.93 docs/s, 27.09 MB/s)
Processed 2540000 documents (6020.05 docs/s, 27.16 MB/s)
Processed 2550000 documents (6034.68 docs/s, 27.23 MB/s)
Processed 2560000 documents (6049.72 docs/s, 27.29 MB/s)
Processed 2570000 documents (6064.53 docs/s, 27.36 MB/s)
Processed 2580000 documents (6078.41 docs/s, 27.43 MB/s)
Processed 2590000 documents (6092.72 docs/s, 27.49 MB/s)
Processed 2600000 documents (6107.07 docs/s, 27.56 MB/s)
Processed 2610000 documents (6121.81 docs/s, 27.61 MB/s)
Processed 2620000 documents (6117.04 docs/s, 27.59 MB/s)
Processed 2630000 documents (6120.27 docs/s, 27.61 MB/s)
Processed 2640000 documents (6116.47 docs/s, 27.59 MB/s)
Processed 2650000 documents (6115.30 docs/s, 27.58 MB/s)
Processed 2660000 documents (6119.17 docs/s, 27.60 MB/s)
Processed 2670000 documents (6116.23 docs/s, 27.58 MB/s)
Processed 2680000 documents (6121.90 docs/s, 27.60 MB/s)
Processed 2690000 documents (6121.59 docs/s, 27.60 MB/s)
Processed 2700000 documents (6123.35 docs/s, 27.61 MB/s)
Processed 2710000 documents (6116.73 docs/s, 27.58 MB/s)
Processed 2720000 documents (6121.24 docs/s, 27.60 MB/s)
Processed 2730000 documents (6118.24 docs/s, 27.58 MB/s)
Processed 2740000 documents (6117.57 docs/s, 27.57 MB/s)
Processed 2750000 documents (6119.83 docs/s, 27.58 MB/s)
Processed 2760000 documents (6117.00 docs/s, 27.56 MB/s)
Processed 2770000 documents (6119.49 docs/s, 27.57 MB/s)
Processed 2780000 documents (6121.22 docs/s, 27.58 MB/s)
Processed 2790000 documents (6113.94 docs/s, 27.54 MB/s)
Processed 2800000 documents (6127.26 docs/s, 27.60 MB/s)
Processed 2810000 documents (6113.68 docs/s, 27.54 MB/s)
Processed 2820000 documents (6127.21 docs/s, 27.59 MB/s)
Processed 2830000 documents (6127.53 docs/s, 27.59 MB/s)
Processed 2840000 documents (6124.21 docs/s, 27.58 MB/s)
Processed 2850000 documents (6126.88 docs/s, 27.59 MB/s)
Processed 2860000 documents (6128.62 docs/s, 27.59 MB/s)
Processed 2870000 documents (6120.74 docs/s, 27.56 MB/s)
Processed 2880000 documents (6130.00 docs/s, 27.59 MB/s)
Processed 2890000 documents (6122.73 docs/s, 27.56 MB/s)
Processed 2900000 documents (6120.70 docs/s, 27.55 MB/s)
Processed 2910000 documents (6128.27 docs/s, 27.58 MB/s)
Processed 2920000 documents (6096.19 docs/s, 27.45 MB/s)
Processed 2930000 documents (6108.71 docs/s, 27.50 MB/s)
Processed 2940000 documents (6121.58 docs/s, 27.56 MB/s)
Processed 2950000 documents (6130.53 docs/s, 27.60 MB/s)
Processed 2960000 documents (6093.44 docs/s, 27.44 MB/s)
Processed 2970000 documents (6106.41 docs/s, 27.49 MB/s)
Processed 2980000 documents (6119.51 docs/s, 27.55 MB/s)
Processed 2990000 documents (6132.30 docs/s, 27.60 MB/s)
Processed 3000000 documents (6132.07 docs/s, 27.60 MB/s)
Processed 3010000 documents (6128.55 docs/s, 27.58 MB/s)
Processed 3020000 documents (6131.87 docs/s, 27.59 MB/s)
Processed 3030000 documents (6133.91 docs/s, 27.59 MB/s)
Processed 3040000 documents (6133.48 docs/s, 27.59 MB/s)
Processed 3050000 documents (6132.96 docs/s, 27.59 MB/s)
Processed 3060000 documents (6132.45 docs/s, 27.59 MB/s)
Processed 3070000 documents (6122.34 docs/s, 27.54 MB/s)
Processed 3080000 documents (6133.01 docs/s, 27.59 MB/s)
Processed 3090000 documents (6133.15 docs/s, 27.59 MB/s)
Processed 3100000 documents (6133.10 docs/s, 27.58 MB/s)
Processed 3110000 documents (6101.48 docs/s, 27.44 MB/s)
Processed 3120000 documents (6113.56 docs/s, 27.49 MB/s)
Processed 3130000 documents (6125.66 docs/s, 27.55 MB/s)
Processed 3140000 documents (6137.86 docs/s, 27.60 MB/s)
Processed 3150000 documents (6126.27 docs/s, 27.55 MB/s)
Processed 3160000 documents (6137.11 docs/s, 27.60 MB/s)
Processed 3170000 documents (6136.28 docs/s, 27.59 MB/s)
Processed 3180000 documents (6136.06 docs/s, 27.59 MB/s)
Processed 3190000 documents (6135.18 docs/s, 27.59 MB/s)
Processed 3200000 documents (6127.53 docs/s, 27.56 MB/s)
Processed 3210000 documents (6122.77 docs/s, 27.54 MB/s)
Processed 3220000 documents (6134.17 docs/s, 27.58 MB/s)
Processed 3230000 documents (6133.65 docs/s, 27.58 MB/s)
Processed 3240000 documents (6129.52 docs/s, 27.56 MB/s)
Processed 3250000 documents (6129.15 docs/s, 27.56 MB/s)
Processed 3260000 documents (6134.57 docs/s, 27.58 MB/s)
Processed 3270000 documents (6128.08 docs/s, 27.56 MB/s)
Processed 3280000 documents (6129.16 docs/s, 27.56 MB/s)
Processed 3290000 documents (6125.83 docs/s, 27.55 MB/s)
Processed 3300000 documents (6099.51 docs/s, 27.45 MB/s)
Processed 3310000 documents (6108.36 docs/s, 27.50 MB/s)
Processed 3320000 documents (6093.38 docs/s, 27.45 MB/s)
Processed 3330000 documents (6091.06 docs/s, 27.45 MB/s)
Processed 3340000 documents (6082.44 docs/s, 27.43 MB/s)
Processed 3350000 documents (6091.43 docs/s, 27.47 MB/s)
Processed 3360000 documents (6083.47 docs/s, 27.44 MB/s)
Processed 3370000 documents (6092.99 docs/s, 27.48 MB/s)
Processed 3380000 documents (6095.25 docs/s, 27.49 MB/s)
Processed 3390000 documents (6093.51 docs/s, 27.49 MB/s)
Processed 3400000 documents (6094.94 docs/s, 27.49 MB/s)
Processed 3410000 documents (6090.72 docs/s, 27.47 MB/s)
Processed 3420000 documents (6094.60 docs/s, 27.49 MB/s)
Processed 3430000 documents (6097.52 docs/s, 27.50 MB/s)
Processed 3440000 documents (6093.32 docs/s, 27.48 MB/s)
Processed 3450000 documents (6093.71 docs/s, 27.49 MB/s)
Processed 3460000 documents (6089.70 docs/s, 27.47 MB/s)
Processed 3470000 documents (6087.77 docs/s, 27.46 MB/s)
Processed 3480000 documents (6090.51 docs/s, 27.48 MB/s)
Processed 3490000 documents (6092.83 docs/s, 27.48 MB/s)
Processed 3500000 documents (6090.59 docs/s, 27.47 MB/s)
Processed 3510000 documents (6091.33 docs/s, 27.47 MB/s)
Processed 3520000 documents (6087.49 docs/s, 27.45 MB/s)
Processed 3530000 documents (6089.59 docs/s, 27.46 MB/s)
Processed 3540000 documents (6085.65 docs/s, 27.44 MB/s)
Processed 3550000 documents (6084.34 docs/s, 27.43 MB/s)
Processed 3560000 documents (6094.55 docs/s, 27.48 MB/s)
Processed 3570000 documents (6087.81 docs/s, 27.44 MB/s)
Processed 3580000 documents (6090.99 docs/s, 27.46 MB/s)
Processed 3590000 documents (6090.26 docs/s, 27.45 MB/s)
Processed 3600000 documents (6092.62 docs/s, 27.46 MB/s)
Processed 3610000 documents (6088.83 docs/s, 27.44 MB/s)
Processed 3620000 documents (6073.19 docs/s, 27.37 MB/s)
Processed 3630000 documents (6082.87 docs/s, 27.41 MB/s)
Processed 3640000 documents (6093.15 docs/s, 27.46 MB/s)
Processed 3650000 documents (6098.13 docs/s, 27.48 MB/s)
Processed 3660000 documents (6096.25 docs/s, 27.47 MB/s)
Processed 3670000 documents (6096.43 docs/s, 27.47 MB/s)
Processed 3680000 documents (6089.37 docs/s, 27.43 MB/s)
Processed 3690000 documents (6099.31 docs/s, 27.48 MB/s)
Processed 3700000 documents (6089.36 docs/s, 27.43 MB/s)
Processed 3710000 documents (6099.02 docs/s, 27.48 MB/s)
Processed 3720000 documents (6100.24 docs/s, 27.48 MB/s)
Processed 3730000 documents (6093.78 docs/s, 27.45 MB/s)
Processed 3740000 documents (6093.99 docs/s, 27.45 MB/s)
Processed 3750000 documents (6086.28 docs/s, 27.42 MB/s)
Processed 3760000 documents (6095.83 docs/s, 27.46 MB/s)
Processed 3770000 documents (6095.32 docs/s, 27.46 MB/s)
Processed 3780000 documents (6061.27 docs/s, 27.31 MB/s)
Processed 3790000 documents (6071.25 docs/s, 27.35 MB/s)
Processed 3800000 documents (6081.31 docs/s, 27.39 MB/s)
Processed 3810000 documents (6091.58 docs/s, 27.44 MB/s)
Processed 3820000 documents (6076.86 docs/s, 27.37 MB/s)
Processed 3830000 documents (6086.97 docs/s, 27.41 MB/s)
Processed 3840000 documents (6097.17 docs/s, 27.45 MB/s)
Processed 3850000 documents (6102.56 docs/s, 27.47 MB/s)
Processed 3860000 documents (6101.36 docs/s, 27.47 MB/s)
Processed 3870000 documents (6085.61 docs/s, 27.40 MB/s)
Processed 3880000 documents (6095.29 docs/s, 27.44 MB/s)
Processed 3890000 documents (6104.56 docs/s, 27.48 MB/s)
Processed 3900000 documents (6101.19 docs/s, 27.46 MB/s)
Processed 3910000 documents (6095.81 docs/s, 27.44 MB/s)
Processed 3920000 documents (6093.64 docs/s, 27.43 MB/s)
Processed 3930000 documents (6096.66 docs/s, 27.44 MB/s)
Processed 3940000 documents (6098.11 docs/s, 27.45 MB/s)
Processed 3950000 documents (6095.11 docs/s, 27.44 MB/s)
Processed 3960000 documents (6097.85 docs/s, 27.44 MB/s)
Processed 3970000 documents (6098.97 docs/s, 27.45 MB/s)
Processed 3980000 documents (6102.17 docs/s, 27.46 MB/s)
Processed 3990000 documents (6091.11 docs/s, 27.41 MB/s)
Processed 4000000 documents (6100.53 docs/s, 27.46 MB/s)
Processed 4010000 documents (6102.50 docs/s, 27.46 MB/s)
Processed 4020000 documents (6099.17 docs/s, 27.45 MB/s)
Processed 4030000 documents (6098.69 docs/s, 27.45 MB/s)
Processed 4040000 documents (6097.30 docs/s, 27.44 MB/s)
Processed 4050000 documents (6101.66 docs/s, 27.46 MB/s)
Processed 4060000 documents (6101.78 docs/s, 27.46 MB/s)
Processed 4070000 documents (6096.87 docs/s, 27.43 MB/s)
Processed 4080000 documents (6100.91 docs/s, 27.45 MB/s)
Processed 4090000 documents (6096.45 docs/s, 27.42 MB/s)
Processed 4100000 documents (6095.12 docs/s, 27.42 MB/s)
Processed 4110000 documents (6076.38 docs/s, 27.33 MB/s)
Processed 4120000 documents (6083.03 docs/s, 27.38 MB/s)
Processed 4130000 documents (6071.71 docs/s, 27.34 MB/s)
Processed 4140000 documents (6018.67 docs/s, 27.12 MB/s)
Processed 4150000 documents (6026.09 docs/s, 27.16 MB/s)
Processed 4160000 documents (6033.84 docs/s, 27.21 MB/s)
Processed 4170000 documents (6041.92 docs/s, 27.25 MB/s)
Processed 4180000 documents (6050.44 docs/s, 27.29 MB/s)
Processed 4190000 documents (6059.18 docs/s, 27.33 MB/s)
Processed 4200000 documents (6067.65 docs/s, 27.37 MB/s)
Processed 4210000 documents (6069.42 docs/s, 27.38 MB/s)
Processed 4220000 documents (6063.92 docs/s, 27.36 MB/s)
Processed 4230000 documents (6063.19 docs/s, 27.35 MB/s)
Processed 4240000 documents (6061.81 docs/s, 27.34 MB/s)
Processed 4250000 documents (6063.05 docs/s, 27.35 MB/s)
Processed 4260000 documents (6064.03 docs/s, 27.35 MB/s)
Processed 4270000 documents (6063.58 docs/s, 27.35 MB/s)
Processed 4280000 documents (6064.97 docs/s, 27.35 MB/s)
Processed 4290000 documents (6058.47 docs/s, 27.32 MB/s)
Processed 4300000 documents (6065.88 docs/s, 27.35 MB/s)
Processed 4310000 documents (6067.19 docs/s, 27.36 MB/s)
Processed 4320000 documents (6065.19 docs/s, 27.35 MB/s)
Processed 4330000 documents (6065.11 docs/s, 27.35 MB/s)
Processed 4340000 documents (6065.79 docs/s, 27.35 MB/s)
Processed 4350000 documents (6067.64 docs/s, 27.35 MB/s)
Processed 4360000 documents (6066.24 docs/s, 27.35 MB/s)
Processed 4370000 documents (6062.88 docs/s, 27.33 MB/s)
Processed 4380000 documents (6066.43 docs/s, 27.35 MB/s)
Processed 4390000 documents (6067.99 docs/s, 27.35 MB/s)
Processed 4400000 documents (6060.45 docs/s, 27.32 MB/s)
Processed 4410000 documents (6065.67 docs/s, 27.34 MB/s)
Processed 4420000 documents (6068.43 docs/s, 27.35 MB/s)
Processed 4430000 documents (6065.54 docs/s, 27.34 MB/s)
Processed 4440000 documents (6068.21 docs/s, 27.35 MB/s)
Processed 4450000 documents (6066.64 docs/s, 27.34 MB/s)
Processed 4460000 documents (6060.59 docs/s, 27.31 MB/s)
Processed 4470000 documents (6065.29 docs/s, 27.33 MB/s)
Processed 4480000 documents (6066.85 docs/s, 27.33 MB/s)
Processed 4490000 documents (6067.91 docs/s, 27.34 MB/s)
Processed 4500000 documents (6069.61 docs/s, 27.35 MB/s)
Processed 4510000 documents (6060.25 docs/s, 27.30 MB/s)
Processed 4520000 documents (6064.27 docs/s, 27.32 MB/s)
Processed 4530000 documents (6066.23 docs/s, 27.33 MB/s)
Processed 4540000 documents (6061.40 docs/s, 27.31 MB/s)
Processed 4550000 documents (6066.83 docs/s, 27.33 MB/s)
Processed 4560000 documents (6064.59 docs/s, 27.32 MB/s)
Processed 4570000 documents (6063.96 docs/s, 27.32 MB/s)
Processed 4580000 documents (6066.17 docs/s, 27.33 MB/s)
Processed 4590000 documents (6060.04 docs/s, 27.30 MB/s)
Processed 4600000 documents (6067.47 docs/s, 27.33 MB/s)
Processed 4610000 documents (6060.67 docs/s, 27.30 MB/s)
Processed 4620000 documents (6061.65 docs/s, 27.30 MB/s)
Processed 4630000 documents (6067.43 docs/s, 27.33 MB/s)
Processed 4640000 documents (6062.50 docs/s, 27.31 MB/s)
Processed 4650000 documents (6066.16 docs/s, 27.32 MB/s)
Processed 4660000 documents (6052.69 docs/s, 27.26 MB/s)
Processed 4670000 documents (6060.83 docs/s, 27.29 MB/s)
Processed 4680000 documents (6068.84 docs/s, 27.33 MB/s)
Processed 4690000 documents (6066.55 docs/s, 27.31 MB/s)
Processed 4700000 documents (6062.68 docs/s, 27.30 MB/s)
Processed 4710000 documents (6068.13 docs/s, 27.32 MB/s)
Processed 4720000 documents (6066.73 docs/s, 27.31 MB/s)
Processed 4730000 documents (6068.49 docs/s, 27.32 MB/s)
Processed 4740000 documents (6066.14 docs/s, 27.31 MB/s)
Processed 4750000 documents (6061.07 docs/s, 27.28 MB/s)
Processed 4760000 documents (6068.85 docs/s, 27.31 MB/s)
Processed 4770000 documents (6052.82 docs/s, 27.24 MB/s)
Processed 4780000 documents (6060.09 docs/s, 27.28 MB/s)
Processed 4790000 documents (6067.86 docs/s, 27.31 MB/s)
Processed 4800000 documents (6066.02 docs/s, 27.30 MB/s)
Processed 4810000 documents (6066.70 docs/s, 27.30 MB/s)
Processed 4820000 documents (6031.29 docs/s, 27.15 MB/s)
Processed 4830000 documents (6039.21 docs/s, 27.18 MB/s)
Processed 4840000 documents (6047.35 docs/s, 27.21 MB/s)
Processed 4850000 documents (6055.73 docs/s, 27.24 MB/s)
Processed 4860000 documents (6063.64 docs/s, 27.28 MB/s)
Processed 4870000 documents (6071.30 docs/s, 27.31 MB/s)
Processed 4880000 documents (6068.31 docs/s, 27.29 MB/s)
Processed 4890000 documents (6060.23 docs/s, 27.26 MB/s)
Processed 4900000 documents (6067.69 docs/s, 27.29 MB/s)
Processed 4910000 documents (6068.10 docs/s, 27.29 MB/s)
Processed 4920000 documents (6069.19 docs/s, 27.30 MB/s)
Processed 4930000 documents (6062.71 docs/s, 27.27 MB/s)
Processed 4940000 documents (5912.58 docs/s, 26.60 MB/s)
Processed 4950000 documents (5918.78 docs/s, 26.64 MB/s)
Processed 4960000 documents (5925.25 docs/s, 26.68 MB/s)
Processed 4970000 documents (5931.49 docs/s, 26.72 MB/s)
Processed 4980000 documents (5937.99 docs/s, 26.75 MB/s)
Processed 4990000 documents (5944.11 docs/s, 26.79 MB/s)
Processed 5000000 documents (5950.99 docs/s, 26.82 MB/s)
Processed 5010000 documents (5958.06 docs/s, 26.86 MB/s)
Processed 5020000 documents (5965.35 docs/s, 26.89 MB/s)
Processed 5030000 documents (5972.64 docs/s, 26.92 MB/s)
Processed 5040000 documents (5979.82 docs/s, 26.96 MB/s)
Processed 5050000 documents (5986.99 docs/s, 26.99 MB/s)
Processed 5060000 documents (5994.06 docs/s, 27.02 MB/s)
Processed 5070000 documents (6001.15 docs/s, 27.05 MB/s)
Processed 5080000 documents (6000.48 docs/s, 27.05 MB/s)
Processed 5090000 documents (5993.39 docs/s, 27.02 MB/s)
Processed 5100000 documents (5997.07 docs/s, 27.03 MB/s)
Processed 5110000 documents (6000.21 docs/s, 27.05 MB/s)
Processed 5120000 documents (5997.19 docs/s, 27.03 MB/s)
Processed 5130000 documents (5998.99 docs/s, 27.03 MB/s)
Processed 5140000 documents (5996.52 docs/s, 27.02 MB/s)
Processed 5150000 documents (5998.08 docs/s, 27.03 MB/s)
Processed 5160000 documents (5998.26 docs/s, 27.03 MB/s)
Processed 5170000 documents (5999.71 docs/s, 27.03 MB/s)
Processed 5180000 documents (5990.85 docs/s, 26.99 MB/s)
Processed 5190000 documents (5997.95 docs/s, 27.02 MB/s)
Processed 5200000 documents (5998.67 docs/s, 27.03 MB/s)
Processed 5210000 documents (5998.87 docs/s, 27.03 MB/s)
Processed 5220000 documents (5996.98 docs/s, 27.02 MB/s)
Processed 5230000 documents (5992.75 docs/s, 27.00 MB/s)
Processed 5240000 documents (5996.92 docs/s, 27.01 MB/s)
Processed 5250000 documents (5995.27 docs/s, 27.01 MB/s)
Processed 5260000 documents (5998.05 docs/s, 27.02 MB/s)
Processed 5270000 documents (5998.72 docs/s, 27.02 MB/s)
Processed 5280000 documents (5992.64 docs/s, 26.99 MB/s)
Processed 5290000 documents (5991.80 docs/s, 26.99 MB/s)
Processed 5300000 documents (5993.65 docs/s, 26.99 MB/s)
Processed 5310000 documents (5997.26 docs/s, 27.01 MB/s)
Processed 5320000 documents (5988.20 docs/s, 26.97 MB/s)
Processed 5330000 documents (5995.38 docs/s, 27.00 MB/s)
Processed 5340000 documents (5988.49 docs/s, 26.97 MB/s)
Processed 5350000 documents (5994.21 docs/s, 27.00 MB/s)
Processed 5360000 documents (5988.62 docs/s, 26.97 MB/s)
Processed 5370000 documents (5995.56 docs/s, 27.00 MB/s)
Processed 5380000 documents (5994.08 docs/s, 27.00 MB/s)
Processed 5390000 documents (5992.36 docs/s, 26.99 MB/s)
Processed 5400000 documents (5995.04 docs/s, 27.00 MB/s)
Processed 5410000 documents (5991.27 docs/s, 26.98 MB/s)
Processed 5420000 documents (5993.57 docs/s, 26.99 MB/s)
Processed 5430000 documents (5994.20 docs/s, 26.99 MB/s)
Processed 5440000 documents (5996.34 docs/s, 27.00 MB/s)
Processed 5450000 documents (5994.32 docs/s, 26.99 MB/s)
Processed 5460000 documents (5996.85 docs/s, 27.00 MB/s)
Processed 5470000 documents (5993.78 docs/s, 26.99 MB/s)
Processed 5480000 documents (5992.27 docs/s, 26.98 MB/s)
Processed 5490000 documents (5991.64 docs/s, 26.98 MB/s)
Processed 5500000 documents (5992.48 docs/s, 26.98 MB/s)
Processed 5510000 documents (5992.47 docs/s, 26.98 MB/s)
Processed 5520000 documents (5991.45 docs/s, 26.97 MB/s)
Processed 5530000 documents (5993.80 docs/s, 26.98 MB/s)
Processed 5540000 documents (5993.96 docs/s, 26.98 MB/s)
Processed 5550000 documents (5991.45 docs/s, 26.97 MB/s)
Processed 5560000 documents (5987.28 docs/s, 26.95 MB/s)
Processed 5570000 documents (5993.62 docs/s, 26.98 MB/s)
Processed 5580000 documents (5990.22 docs/s, 26.96 MB/s)
Processed 5590000 documents (5994.77 docs/s, 26.98 MB/s)
Processed 5600000 documents (5988.55 docs/s, 26.95 MB/s)
Processed 5610000 documents (5995.32 docs/s, 26.98 MB/s)
Processed 5620000 documents (5996.76 docs/s, 26.99 MB/s)
Processed 5630000 documents (5996.15 docs/s, 26.98 MB/s)
Processed 5640000 documents (5960.21 docs/s, 26.82 MB/s)
Processed 5650000 documents (5967.19 docs/s, 26.85 MB/s)
Processed 5660000 documents (5974.17 docs/s, 26.88 MB/s)
Processed 5670000 documents (5980.99 docs/s, 26.90 MB/s)
Processed 5680000 documents (5988.04 docs/s, 26.93 MB/s)
Processed 5690000 documents (5994.88 docs/s, 26.96 MB/s)
Processed 5700000 documents (5997.78 docs/s, 26.97 MB/s)
Processed 5710000 documents (5995.17 docs/s, 26.96 MB/s)
Processed 5720000 documents (5999.20 docs/s, 26.98 MB/s)
Processed 5730000 documents (5999.36 docs/s, 26.98 MB/s)
Processed 5740000 documents (5995.09 docs/s, 26.96 MB/s)
Processed 5750000 documents (6001.63 docs/s, 26.98 MB/s)
{
  "input": "/iopsstor/scratch/cscs/fffoivos/cpt_corpus/bulk_mix.nfc.jsonl",
  "output_prefix": "/iopsstor/scratch/cscs/fffoivos/cpt_corpus/bulk_mix_base_nfc_megatron/bulk_mix_text_document",
  "bin": "/iopsstor/scratch/cscs/fffoivos/cpt_corpus/bulk_mix_base_nfc_megatron/bulk_mix_text_document.bin",
  "idx": "/iopsstor/scratch/cscs/fffoivos/cpt_corpus/bulk_mix_base_nfc_megatron/bulk_mix_text_document.idx",
  "tokenizer_model": "/iopsstor/scratch/cscs/fffoivos/models/apertus-8b-2509",
  "json_key": "text",
  "append_eod": true,
  "workers": 64,
  "chunk_size": 64,
  "limit": 0,
  "rows": 5754172,
  "sequences": 5754172,
  "documents": 5754173,
  "tokens": 9831704774,
  "bytes_read": 27125565083,
  "wall_seconds": 960.677738904953,
  "format": "Megatron indexed dataset v1, int32 document-level"
}
